c000           JMPa 4c       absolute   A:0 X:0 Y:0 P:24 SP:fd
c5f5            LDX a2      immediate   A:0 X:0 Y:0 P:24 SP:fd
c5f7            STX 86       zeropage   A:0 X:0 Y:0 P:26 SP:fd
c5f9            STX 86       zeropage   A:0 X:0 Y:0 P:26 SP:fd
c5fb            STX 86       zeropage   A:0 X:0 Y:0 P:26 SP:fd
c5fd            JSR 20       absolute   A:0 X:0 Y:0 P:26 SP:fd
c72d            NOP ea    accumulator
c72f            BCS b0      immediate   A:0 X:0 Y:0 P:26 SP:fb
c731            LDX a2      immediate   A:0 X:0 Y:0 P:26 SP:fb
c733            STX 86       zeropage   A:0 X:1 Y:0 P:24 SP:fb
c735            NOP ea    accumulator
c737            BCS b0      immediate   A:0 X:1 Y:0 P:24 SP:fb
c739           JMPa 4c       absolute   A:0 X:1 Y:0 P:24 SP:fb
c740            NOP ea    accumulator
c742            BCC 90      immediate   A:0 X:1 Y:0 P:24 SP:fb
c747            LDX a2      immediate   A:0 X:1 Y:0 P:24 SP:fb
c749            STX 86       zeropage   A:0 X:3 Y:0 P:24 SP:fb
c74b            NOP ea    accumulator
c74d            BCC 90      immediate   A:0 X:3 Y:0 P:24 SP:fb
c753            NOP ea    accumulator
c755            BRK 0                  A:0 X:3 Y:0 P:24 SP:fb
c5f5            LDX a2      immediate   A:0 X:3 Y:0 P:34 SP:f8
c5f7            STX 86       zeropage   A:0 X:0 Y:0 P:36 SP:f8
c5f9            STX 86       zeropage   A:0 X:0 Y:0 P:36 SP:f8
c5fb            STX 86       zeropage   A:0 X:0 Y:0 P:36 SP:f8
c5fd            JSR 20       absolute   A:0 X:0 Y:0 P:36 SP:f8
c72d            NOP ea    accumulator
